10:20:22.121 INFO  misc.BookInventory : Starting Book Inventory...
10:20:22.134 INFO  misc.BookInventory : Calling init
10:20:25.095 INFO  misc.MenuController : Clicked on menu item Book List
10:20:25.100 INFO  misc.BookController : Changing to List View
10:20:25.136 INFO  misc.BookController : View change succesfull
10:20:26.008 INFO  misc.BookListController$1 : Double clicked on book "Java 9 for Programmers"
10:20:26.011 INFO  misc.BookController : Changing to Detail View
10:20:26.054 INFO  misc.BookController : View change succesfull
10:20:27.545 INFO  misc.BookDetailController : Changes saved for "Java 9 for Programmers"
10:20:30.828 INFO  misc.MenuController : Clicked on menu item Book List
10:20:30.829 INFO  misc.BookController : Changing to List View
10:20:30.836 INFO  misc.BookController : View change succesfull
10:20:32.010 INFO  misc.BookListController$1 : Double clicked on book "Where the Wild Things Are"
10:20:32.011 INFO  misc.BookController : Changing to Detail View
10:20:32.020 INFO  misc.BookController : View change succesfull
10:20:33.772 INFO  misc.BookDetailController : Changes saved for "Where the Wild Things Are"
10:20:37.119 INFO  misc.MenuController : Clicked on menu item Book List
10:20:37.120 INFO  misc.BookController : Changing to List View
10:20:37.125 INFO  misc.BookController : View change succesfull
10:20:38.535 INFO  misc.MenuController : Clicked on menu item Book List
10:20:38.537 INFO  misc.BookController : Changing to List View
10:20:38.541 INFO  misc.BookController : View change succesfull
10:20:40.028 INFO  misc.MenuController : Clicked on menu item Book List
10:20:40.030 INFO  misc.BookController : Changing to List View
10:20:40.036 INFO  misc.BookController : View change succesfull
10:20:41.736 INFO  misc.MenuController : Clicked on menu item Quit
10:20:41.737 INFO  misc.MenuController : Exiting program
10:29:42.683 INFO  misc.BookInventory : Starting Book Inventory...
10:29:42.691 INFO  misc.BookInventory : Calling init
10:29:45.618 INFO  misc.MenuController : Clicked on menu item Book List
10:29:45.623 INFO  misc.BookController : Changing to List View
10:29:45.660 INFO  misc.BookController : View change succesfull
10:29:47.142 INFO  misc.BookListController$1 : Double clicked on book "Computer Networking: A Top Down Approach"
10:29:47.145 INFO  misc.BookController : Changing to Detail View
10:29:47.176 INFO  misc.BookController : View change succesfull
10:29:49.042 INFO  misc.BookDetailController : Changes saved for "Computer Networking: A Top Down Approach"
10:29:52.455 INFO  misc.MenuController : Clicked on menu item Book List
10:29:52.456 INFO  misc.BookController : Changing to List View
10:29:52.460 INFO  misc.BookController : View change succesfull
10:29:53.808 INFO  misc.BookListController$1 : Double clicked on book "Catcher in the Rye"
10:29:53.810 INFO  misc.BookController : Changing to Detail View
10:29:53.836 INFO  misc.BookController : View change succesfull
10:29:57.080 INFO  misc.MenuController : Clicked on menu item Book List
10:29:57.081 INFO  misc.BookController : Changing to List View
10:29:57.085 INFO  misc.BookController : View change succesfull
10:29:58.777 INFO  misc.BookListController$1 : Double clicked on book "Where the Wild Things Are"
10:29:58.778 INFO  misc.BookController : Changing to Detail View
10:29:58.792 INFO  misc.BookController : View change succesfull
10:30:00.706 INFO  misc.MenuController : Clicked on menu item Book List
10:30:00.707 INFO  misc.BookController : Changing to List View
10:30:00.713 INFO  misc.BookController : View change succesfull
10:30:01.929 INFO  misc.BookListController$1 : Double clicked on book "Duma Key"
10:30:01.929 INFO  misc.BookController : Changing to Detail View
10:30:01.937 INFO  misc.BookController : View change succesfull
10:30:03.127 INFO  misc.BookDetailController : Changes saved for "Duma Key"
10:31:03.635 INFO  misc.BookInventory : Starting Book Inventory...
10:31:03.647 INFO  misc.BookInventory : Calling init
10:31:06.866 INFO  misc.MenuController : Clicked on menu item Book List
10:31:06.870 INFO  misc.BookController : Changing to List View
10:31:06.905 INFO  misc.BookController : View change succesfull
11:09:00.701 INFO  misc.BookInventory : Starting Book Inventory...
11:09:00.708 INFO  misc.BookInventory : Calling init
12:34:07.230 INFO  misc.BookInventory : Starting Book Inventory...
12:34:07.239 INFO  misc.BookInventory : Calling init
12:34:09.900 INFO  misc.MenuController : Clicked on menu item Book List
12:34:09.905 INFO  misc.BookController : Changing to List View
12:34:09.940 INFO  misc.BookController : View change succesfull
12:34:10.886 INFO  misc.BookListController$1 : Double clicked on book "Computer Networking: A Top Down Approach"
12:34:10.890 INFO  misc.BookController : Changing to Detail View
12:34:10.932 INFO  misc.BookController : View change succesfull
12:34:11.987 INFO  misc.BookDetailController : Changes saved for "Computer Networking: A Top Down Approach"
12:34:15.316 INFO  misc.BookDetailController : Changes saved for "Computer Networking: A Top Down Approach"
12:34:20.772 INFO  misc.BookDetailController : Changes saved for "Computer Networking: A Top Down Approach"
12:34:24.070 INFO  misc.MenuController : Clicked on menu item Book List
12:34:24.071 INFO  misc.BookController : Changing to List View
12:34:24.076 INFO  misc.BookController : View change succesfull
12:34:25.347 INFO  misc.BookListController$1 : Double clicked on book "Computer Networking: A Top Down Approach"
12:34:25.349 INFO  misc.BookController : Changing to Detail View
12:34:25.376 INFO  misc.BookController : View change succesfull
12:34:30.731 INFO  misc.MenuController : Clicked on menu item Quit
12:34:30.732 INFO  misc.MenuController : Exiting program
13:04:19.657 INFO  misc.BookInventory : Starting Book Inventory...
13:04:19.668 INFO  misc.BookInventory : Calling init
13:04:23.363 INFO  misc.MenuController : Clicked on menu item Book List
13:04:23.396 INFO  misc.BookController : Changing to List View
13:04:23.458 INFO  misc.BookController : View change succesfull
13:04:26.957 INFO  misc.BookListController$1 : Double clicked on book "Catcher in the Rye"
13:04:26.981 INFO  misc.BookController : Changing to Detail View
13:04:27.042 INFO  misc.BookController : View change succesfull
13:04:29.743 INFO  misc.BookDetailController : Changes saved for "Catcher in the Rye"
13:04:35.712 INFO  misc.MenuController : Clicked on menu item Book List
13:04:35.713 INFO  misc.BookController : Changing to List View
13:04:35.717 INFO  misc.BookController : View change succesfull
13:04:37.415 INFO  misc.BookListController$1 : Double clicked on book "Computer Networking: A Top Down Approach"
13:04:37.416 INFO  misc.BookController : Changing to Detail View
13:04:37.430 INFO  misc.BookController : View change succesfull
13:04:40.516 INFO  misc.BookDetailController : Changes saved for "Computer Networking: A Top Down Approach"
13:04:43.730 INFO  misc.MenuController : Clicked on menu item Book List
13:04:43.731 INFO  misc.BookController : Changing to List View
13:04:43.737 INFO  misc.BookController : View change succesfull
13:04:45.797 INFO  misc.MenuController : Clicked on menu item Book List
13:04:45.798 INFO  misc.BookController : Changing to List View
13:04:45.803 INFO  misc.BookController : View change succesfull
13:05:04.652 INFO  misc.MenuController : Clicked on menu item Quit
13:05:04.653 INFO  misc.MenuController : Exiting program
13:16:25.213 INFO  misc.BookInventory : Starting Book Inventory...
13:16:25.220 INFO  misc.BookInventory : Calling init
13:16:28.109 INFO  controller.MenuController : Clicked on menu item Book List
13:16:28.114 INFO  controller.BookController : Changing to List View
13:17:05.110 INFO  misc.BookInventory : Starting Book Inventory...
13:17:05.117 INFO  misc.BookInventory : Calling init
13:18:10.399 INFO  misc.BookInventory : Starting Book Inventory...
13:18:10.411 INFO  misc.BookInventory : Calling init
13:21:27.208 INFO  misc.BookInventory : Starting Book Inventory...
13:21:27.214 INFO  misc.BookInventory : Calling init
13:21:35.692 INFO  misc.BookInventory : Starting Book Inventory...
13:21:35.709 INFO  misc.BookInventory : Calling init
13:22:21.544 INFO  misc.BookInventory : Starting Book Inventory...
13:22:21.556 INFO  misc.BookInventory : Calling init
13:22:36.244 INFO  misc.BookInventory : Starting Book Inventory...
13:22:36.258 INFO  misc.BookInventory : Calling init
13:22:39.123 INFO  controller.MenuController : Clicked on menu item Book List
13:22:39.128 INFO  controller.BookController : Changing to List View
13:22:39.163 INFO  controller.BookController : View change succesfull
13:22:40.970 INFO  controller.BookListController$1 : Double clicked on book "Catcher in the Rye"
13:22:40.972 INFO  controller.BookController : Changing to Detail View
13:22:40.989 INFO  controller.BookController : View change succesfull
13:22:42.609 INFO  controller.BookDetailController : Changes saved for "Catcher in the Rye"
